# JRE version: Java(TM) SE Runtime Environment (8.0_241-b07) (build 1.8.0_241-b07)
# Java VM: Java HotSpot(TM) 64-Bit Server VM (25.241-b07 mixed mode windows-amd64 compressed oops)
Heap:
 PSYoungGen      total 206336K, used 15770K [0x00000000d5d00000, 0x00000000e4d00000, 0x0000000100000000)
  eden space 192000K, 8% used [0x00000000d5d00000,0x00000000d6c66b38,0x00000000e1880000)
  from space 14336K, 0% used [0x00000000e2700000,0x00000000e2700000,0x00000000e3500000)
  to   space 14848K, 0% used [0x00000000e1880000,0x00000000e1880000,0x00000000e2700000)
 ParOldGen       total 69120K, used 17574K [0x0000000081600000, 0x0000000085980000, 0x00000000d5d00000)
  object space 69120K, 25% used [0x0000000081600000,0x0000000082729918,0x0000000085980000)
 Metaspace       used 35203K, capacity 36656K, committed 36864K, reserved 1081344K
  class space    used 4821K, capacity 5092K, committed 5120K, reserved 1048576K
GC Heap History (10 events):
Event: 4.087 GC heap before
{Heap before GC invocations=6 (full 1):
 PSYoungGen      total 71680K, used 66560K [0x00000000d5d00000, 0x00000000da800000, 0x0000000100000000)
  eden space 66560K, 100% used [0x00000000d5d00000,0x00000000d9e00000,0x00000000d9e00000)
  from space 5120K, 0% used [0x00000000da300000,0x00000000da300000,0x00000000da800000)
  to   space 5120K, 0% used [0x00000000d9e00000,0x00000000d9e00000,0x00000000da300000)
 ParOldGen       total 50176K, used 5721K [0x0000000081600000, 0x0000000084700000, 0x00000000d5d00000)
  object space 50176K, 11% used [0x0000000081600000,0x0000000081b965c8,0x0000000084700000)
 Metaspace       used 24095K, capacity 24932K, committed 24960K, reserved 1071104K
  class space    used 3237K, capacity 3430K, committed 3456K, reserved 1048576K
Event: 4.093 GC heap after
Heap after GC invocations=6 (full 1):
 PSYoungGen      total 71680K, used 5093K [0x00000000d5d00000, 0x00000000dde80000, 0x0000000100000000)
  eden space 66560K, 0% used [0x00000000d5d00000,0x00000000d5d00000,0x00000000d9e00000)
  from space 5120K, 99% used [0x00000000d9e00000,0x00000000da2f9680,0x00000000da300000)
  to   space 8192K, 0% used [0x00000000dd680000,0x00000000dd680000,0x00000000dde80000)
 ParOldGen       total 50176K, used 6940K [0x0000000081600000, 0x0000000084700000, 0x00000000d5d00000)
  object space 50176K, 13% used [0x0000000081600000,0x0000000081cc71d8,0x0000000084700000)
 Metaspace       used 24095K, capacity 24932K, committed 24960K, reserved 1071104K
  class space    used 3237K, capacity 3430K, committed 3456K, reserved 1048576K
}
Event: 4.802 GC heap before
{Heap before GC invocations=7 (full 1):
 PSYoungGen      total 71680K, used 71653K [0x00000000d5d00000, 0x00000000dde80000, 0x0000000100000000)
  eden space 66560K, 100% used [0x00000000d5d00000,0x00000000d9e00000,0x00000000d9e00000)
  from space 5120K, 99% used [0x00000000d9e00000,0x00000000da2f9680,0x00000000da300000)
  to   space 8192K, 0% used [0x00000000dd680000,0x00000000dd680000,0x00000000dde80000)
 ParOldGen       total 50176K, used 6940K [0x0000000081600000, 0x0000000084700000, 0x00000000d5d00000)
  object space 50176K, 13% used [0x0000000081600000,0x0000000081cc71d8,0x0000000084700000)
 Metaspace       used 29215K, capacity 30402K, committed 30592K, reserved 1075200K
  class space    used 3915K, capacity 4185K, committed 4224K, reserved 1048576K
Event: 4.816 GC heap after
Heap after GC invocations=7 (full 1):
 PSYoungGen      total 120832K, used 8173K [0x00000000d5d00000, 0x00000000de480000, 0x0000000100000000)
  eden space 112640K, 0% used [0x00000000d5d00000,0x00000000d5d00000,0x00000000dcb00000)
  from space 8192K, 99% used [0x00000000dd680000,0x00000000dde7b720,0x00000000dde80000)
  to   space 11776K, 0% used [0x00000000dcb00000,0x00000000dcb00000,0x00000000dd680000)
 ParOldGen       total 50176K, used 11672K [0x0000000081600000, 0x0000000084700000, 0x00000000d5d00000)
  object space 50176K, 23% used [0x0000000081600000,0x00000000821661b8,0x0000000084700000)
 Metaspace       used 29215K, capacity 30402K, committed 30592K, reserved 1075200K
  class space    used 3915K, capacity 4185K, committed 4224K, reserved 1048576K
}
Event: 5.734 GC heap before
{Heap before GC invocations=8 (full 1):
 PSYoungGen      total 120832K, used 120813K [0x00000000d5d00000, 0x00000000de480000, 0x0000000100000000)
  eden space 112640K, 100% used [0x00000000d5d00000,0x00000000dcb00000,0x00000000dcb00000)
  from space 8192K, 99% used [0x00000000dd680000,0x00000000dde7b720,0x00000000dde80000)
  to   space 11776K, 0% used [0x00000000dcb00000,0x00000000dcb00000,0x00000000dd680000)
 ParOldGen       total 50176K, used 11672K [0x0000000081600000, 0x0000000084700000, 0x00000000d5d00000)
  object space 50176K, 23% used [0x0000000081600000,0x00000000821661b8,0x0000000084700000)
 Metaspace       used 33598K, capacity 35050K, committed 35328K, reserved 1079296K
  class space    used 4497K, capacity 4771K, committed 4864K, reserved 1048576K
Event: 5.751 GC heap after
Heap after GC invocations=8 (full 1):
 PSYoungGen      total 124416K, used 11754K [0x00000000d5d00000, 0x00000000e3500000, 0x0000000100000000)
  eden space 112640K, 0% used [0x00000000d5d00000,0x00000000d5d00000,0x00000000dcb00000)
  from space 11776K, 99% used [0x00000000dcb00000,0x00000000dd67a808,0x00000000dd680000)
  to   space 14336K, 0% used [0x00000000e2700000,0x00000000e2700000,0x00000000e3500000)
 ParOldGen       total 50176K, used 13895K [0x0000000081600000, 0x0000000084700000, 0x00000000d5d00000)
  object space 50176K, 27% used [0x0000000081600000,0x0000000082391ca8,0x0000000084700000)
 Metaspace       used 33598K, capacity 35050K, committed 35328K, reserved 1079296K
  class space    used 4497K, capacity 4771K, committed 4864K, reserved 1048576K
}
Event: 5.780 GC heap before
{Heap before GC invocations=9 (full 1):
 PSYoungGen      total 124416K, used 15403K [0x00000000d5d00000, 0x00000000e3500000, 0x0000000100000000)
  eden space 112640K, 3% used [0x00000000d5d00000,0x00000000d6090400,0x00000000dcb00000)
  from space 11776K, 99% used [0x00000000dcb00000,0x00000000dd67a808,0x00000000dd680000)
  to   space 14336K, 0% used [0x00000000e2700000,0x00000000e2700000,0x00000000e3500000)
 ParOldGen       total 50176K, used 13895K [0x0000000081600000, 0x0000000084700000, 0x00000000d5d00000)
  object space 50176K, 27% used [0x0000000081600000,0x0000000082391ca8,0x0000000084700000)
 Metaspace       used 33967K, capacity 35434K, committed 35496K, reserved 1079296K
  class space    used 4565K, capacity 4835K, committed 4864K, reserved 1048576K
Event: 5.796 GC heap after
Heap after GC invocations=9 (full 1):
 PSYoungGen      total 206336K, used 10866K [0x00000000d5d00000, 0x00000000e4d00000, 0x0000000100000000)
  eden space 192000K, 0% used [0x00000000d5d00000,0x00000000d5d00000,0x00000000e1880000)
  from space 14336K, 75% used [0x00000000e2700000,0x00000000e319c9d0,0x00000000e3500000)
  to   space 14848K, 0% used [0x00000000e1880000,0x00000000e1880000,0x00000000e2700000)
 ParOldGen       total 50176K, used 13895K [0x0000000081600000, 0x0000000084700000, 0x00000000d5d00000)
  object space 50176K, 27% used [0x0000000081600000,0x0000000082391ca8,0x0000000084700000)
 Metaspace       used 33967K, capacity 35434K, committed 35496K, reserved 1079296K
  class space    used 4565K, capacity 4835K, committed 4864K, reserved 1048576K
}
Event: 5.796 GC heap before
{Heap before GC invocations=10 (full 2):
 PSYoungGen      total 206336K, used 10866K [0x00000000d5d00000, 0x00000000e4d00000, 0x0000000100000000)
  eden space 192000K, 0% used [0x00000000d5d00000,0x00000000d5d00000,0x00000000e1880000)
  from space 14336K, 75% used [0x00000000e2700000,0x00000000e319c9d0,0x00000000e3500000)
  to   space 14848K, 0% used [0x00000000e1880000,0x00000000e1880000,0x00000000e2700000)
 ParOldGen       total 50176K, used 13895K [0x0000000081600000, 0x0000000084700000, 0x00000000d5d00000)
  object space 50176K, 27% used [0x0000000081600000,0x0000000082391ca8,0x0000000084700000)
 Metaspace       used 33967K, capacity 35434K, committed 35496K, reserved 1079296K
  class space    used 4565K, capacity 4835K, committed 4864K, reserved 1048576K
Event: 5.859 GC heap after
Heap after GC invocations=10 (full 2):
 PSYoungGen      total 206336K, used 0K [0x00000000d5d00000, 0x00000000e4d00000, 0x0000000100000000)
  eden space 192000K, 0% used [0x00000000d5d00000,0x00000000d5d00000,0x00000000e1880000)
  from space 14336K, 0% used [0x00000000e2700000,0x00000000e2700000,0x00000000e3500000)
  to   space 14848K, 0% used [0x00000000e1880000,0x00000000e1880000,0x00000000e2700000)
 ParOldGen       total 69120K, used 17574K [0x0000000081600000, 0x0000000085980000, 0x00000000d5d00000)
  object space 69120K, 25% used [0x0000000081600000,0x0000000082729918,0x0000000085980000)
 Metaspace       used 33967K, capacity 35434K, committed 35496K, reserved 1079296K
  class space    used 4565K, capacity 4835K, committed 4864K, reserved 1048576K
}

