# JRE version: Java(TM) SE Runtime Environment (8.0_241-b07) (build 1.8.0_241-b07)
# Java VM: Java HotSpot(TM) 64-Bit Server VM (25.241-b07 mixed mode windows-amd64 compressed oops)
Heap:
 PSYoungGen      total 208896K, used 15972K [0x00000000d5d00000, 0x00000000e4e80000, 0x0000000100000000)
  eden space 194560K, 8% used [0x00000000d5d00000,0x00000000d6c992a8,0x00000000e1b00000)
  from space 14336K, 0% used [0x00000000e2980000,0x00000000e2980000,0x00000000e3780000)
  to   space 14848K, 0% used [0x00000000e1b00000,0x00000000e1b00000,0x00000000e2980000)
 ParOldGen       total 68608K, used 17400K [0x0000000081600000, 0x0000000085900000, 0x00000000d5d00000)
  object space 68608K, 25% used [0x0000000081600000,0x00000000826fe1a0,0x0000000085900000)
 Metaspace       used 35195K, capacity 36596K, committed 36864K, reserved 1081344K
  class space    used 4820K, capacity 5092K, committed 5120K, reserved 1048576K
GC Heap History (10 events):
Event: 4.423 GC heap before
{Heap before GC invocations=6 (full 1):
 PSYoungGen      total 71680K, used 66560K [0x00000000d5d00000, 0x00000000da800000, 0x0000000100000000)
  eden space 66560K, 100% used [0x00000000d5d00000,0x00000000d9e00000,0x00000000d9e00000)
  from space 5120K, 0% used [0x00000000da300000,0x00000000da300000,0x00000000da800000)
  to   space 5120K, 0% used [0x00000000d9e00000,0x00000000d9e00000,0x00000000da300000)
 ParOldGen       total 49664K, used 5702K [0x0000000081600000, 0x0000000084680000, 0x00000000d5d00000)
  object space 49664K, 11% used [0x0000000081600000,0x0000000081b91960,0x0000000084680000)
 Metaspace       used 24089K, capacity 24872K, committed 24960K, reserved 1071104K
  class space    used 3237K, capacity 3430K, committed 3456K, reserved 1048576K
Event: 4.432 GC heap after
Heap after GC invocations=6 (full 1):
 PSYoungGen      total 71680K, used 5114K [0x00000000d5d00000, 0x00000000ddf80000, 0x0000000100000000)
  eden space 66560K, 0% used [0x00000000d5d00000,0x00000000d5d00000,0x00000000d9e00000)
  from space 5120K, 99% used [0x00000000d9e00000,0x00000000da2fe8a8,0x00000000da300000)
  to   space 8192K, 0% used [0x00000000dd780000,0x00000000dd780000,0x00000000ddf80000)
 ParOldGen       total 49664K, used 6944K [0x0000000081600000, 0x0000000084680000, 0x00000000d5d00000)
  object space 49664K, 13% used [0x0000000081600000,0x0000000081cc8080,0x0000000084680000)
 Metaspace       used 24089K, capacity 24872K, committed 24960K, reserved 1071104K
  class space    used 3237K, capacity 3430K, committed 3456K, reserved 1048576K
}
Event: 5.140 GC heap before
{Heap before GC invocations=7 (full 1):
 PSYoungGen      total 71680K, used 71674K [0x00000000d5d00000, 0x00000000ddf80000, 0x0000000100000000)
  eden space 66560K, 100% used [0x00000000d5d00000,0x00000000d9e00000,0x00000000d9e00000)
  from space 5120K, 99% used [0x00000000d9e00000,0x00000000da2fe8a8,0x00000000da300000)
  to   space 8192K, 0% used [0x00000000dd780000,0x00000000dd780000,0x00000000ddf80000)
 ParOldGen       total 49664K, used 6944K [0x0000000081600000, 0x0000000084680000, 0x00000000d5d00000)
  object space 49664K, 13% used [0x0000000081600000,0x0000000081cc8080,0x0000000084680000)
 Metaspace       used 29209K, capacity 30470K, committed 30592K, reserved 1075200K
  class space    used 3915K, capacity 4185K, committed 4224K, reserved 1048576K
Event: 5.151 GC heap after
Heap after GC invocations=7 (full 1):
 PSYoungGen      total 121856K, used 8176K [0x00000000d5d00000, 0x00000000de500000, 0x0000000100000000)
  eden space 113664K, 0% used [0x00000000d5d00000,0x00000000d5d00000,0x00000000dcc00000)
  from space 8192K, 99% used [0x00000000dd780000,0x00000000ddf7c140,0x00000000ddf80000)
  to   space 11776K, 0% used [0x00000000dcc00000,0x00000000dcc00000,0x00000000dd780000)
 ParOldGen       total 49664K, used 11639K [0x0000000081600000, 0x0000000084680000, 0x00000000d5d00000)
  object space 49664K, 23% used [0x0000000081600000,0x000000008215dff8,0x0000000084680000)
 Metaspace       used 29209K, capacity 30470K, committed 30592K, reserved 1075200K
  class space    used 3915K, capacity 4185K, committed 4224K, reserved 1048576K
}
Event: 6.072 GC heap before
{Heap before GC invocations=8 (full 1):
 PSYoungGen      total 121856K, used 121840K [0x00000000d5d00000, 0x00000000de500000, 0x0000000100000000)
  eden space 113664K, 100% used [0x00000000d5d00000,0x00000000dcc00000,0x00000000dcc00000)
  from space 8192K, 99% used [0x00000000dd780000,0x00000000ddf7c140,0x00000000ddf80000)
  to   space 11776K, 0% used [0x00000000dcc00000,0x00000000dcc00000,0x00000000dd780000)
 ParOldGen       total 49664K, used 11639K [0x0000000081600000, 0x0000000084680000, 0x00000000d5d00000)
  object space 49664K, 23% used [0x0000000081600000,0x000000008215dff8,0x0000000084680000)
 Metaspace       used 33686K, capacity 35086K, committed 35328K, reserved 1079296K
  class space    used 4516K, capacity 4803K, committed 4864K, reserved 1048576K
Event: 6.089 GC heap after
Heap after GC invocations=8 (full 1):
 PSYoungGen      total 125440K, used 11764K [0x00000000d5d00000, 0x00000000e3780000, 0x0000000100000000)
  eden space 113664K, 0% used [0x00000000d5d00000,0x00000000d5d00000,0x00000000dcc00000)
  from space 11776K, 99% used [0x00000000dcc00000,0x00000000dd77d040,0x00000000dd780000)
  to   space 14336K, 0% used [0x00000000e2980000,0x00000000e2980000,0x00000000e3780000)
 ParOldGen       total 49664K, used 14140K [0x0000000081600000, 0x0000000084680000, 0x00000000d5d00000)
  object space 49664K, 28% used [0x0000000081600000,0x00000000823cf320,0x0000000084680000)
 Metaspace       used 33686K, capacity 35086K, committed 35328K, reserved 1079296K
  class space    used 4516K, capacity 4803K, committed 4864K, reserved 1048576K
}
Event: 6.114 GC heap before
{Heap before GC invocations=9 (full 1):
 PSYoungGen      total 125440K, used 15461K [0x00000000d5d00000, 0x00000000e3780000, 0x0000000100000000)
  eden space 113664K, 3% used [0x00000000d5d00000,0x00000000d609c590,0x00000000dcc00000)
  from space 11776K, 99% used [0x00000000dcc00000,0x00000000dd77d040,0x00000000dd780000)
  to   space 14336K, 0% used [0x00000000e2980000,0x00000000e2980000,0x00000000e3780000)
 ParOldGen       total 49664K, used 14140K [0x0000000081600000, 0x0000000084680000, 0x00000000d5d00000)
  object space 49664K, 28% used [0x0000000081600000,0x00000000823cf320,0x0000000084680000)
 Metaspace       used 33958K, capacity 35374K, committed 35496K, reserved 1079296K
  class space    used 4565K, capacity 4835K, committed 4864K, reserved 1048576K
Event: 6.128 GC heap after
Heap after GC invocations=9 (full 1):
 PSYoungGen      total 208896K, used 10856K [0x00000000d5d00000, 0x00000000e4e80000, 0x0000000100000000)
  eden space 194560K, 0% used [0x00000000d5d00000,0x00000000d5d00000,0x00000000e1b00000)
  from space 14336K, 75% used [0x00000000e2980000,0x00000000e341a1a8,0x00000000e3780000)
  to   space 14848K, 0% used [0x00000000e1b00000,0x00000000e1b00000,0x00000000e2980000)
 ParOldGen       total 49664K, used 14140K [0x0000000081600000, 0x0000000084680000, 0x00000000d5d00000)
  object space 49664K, 28% used [0x0000000081600000,0x00000000823cf320,0x0000000084680000)
 Metaspace       used 33958K, capacity 35374K, committed 35496K, reserved 1079296K
  class space    used 4565K, capacity 4835K, committed 4864K, reserved 1048576K
}
Event: 6.128 GC heap before
{Heap before GC invocations=10 (full 2):
 PSYoungGen      total 208896K, used 10856K [0x00000000d5d00000, 0x00000000e4e80000, 0x0000000100000000)
  eden space 194560K, 0% used [0x00000000d5d00000,0x00000000d5d00000,0x00000000e1b00000)
  from space 14336K, 75% used [0x00000000e2980000,0x00000000e341a1a8,0x00000000e3780000)
  to   space 14848K, 0% used [0x00000000e1b00000,0x00000000e1b00000,0x00000000e2980000)
 ParOldGen       total 49664K, used 14140K [0x0000000081600000, 0x0000000084680000, 0x00000000d5d00000)
  object space 49664K, 28% used [0x0000000081600000,0x00000000823cf320,0x0000000084680000)
 Metaspace       used 33958K, capacity 35374K, committed 35496K, reserved 1079296K
  class space    used 4565K, capacity 4835K, committed 4864K, reserved 1048576K
Event: 6.187 GC heap after
Heap after GC invocations=10 (full 2):
 PSYoungGen      total 208896K, used 0K [0x00000000d5d00000, 0x00000000e4e80000, 0x0000000100000000)
  eden space 194560K, 0% used [0x00000000d5d00000,0x00000000d5d00000,0x00000000e1b00000)
  from space 14336K, 0% used [0x00000000e2980000,0x00000000e2980000,0x00000000e3780000)
  to   space 14848K, 0% used [0x00000000e1b00000,0x00000000e1b00000,0x00000000e2980000)
 ParOldGen       total 68608K, used 17400K [0x0000000081600000, 0x0000000085900000, 0x00000000d5d00000)
  object space 68608K, 25% used [0x0000000081600000,0x00000000826fe1a0,0x0000000085900000)
 Metaspace       used 33958K, capacity 35374K, committed 35496K, reserved 1079296K
  class space    used 4565K, capacity 4835K, committed 4864K, reserved 1048576K
}

